2025-07-12 10:58:16,676 - INFO - Starting full pipeline in historical mode
2025-07-12 10:58:16,677 - INFO - Fetching 90 days of historical data for all cities...
2025-07-12 10:58:16,678 - INFO - Processing historical data for New York
2025-07-12 10:58:16,678 - INFO - Fetching weather data for GHCND:USW00094728 from 2025-04-13 to 2025-07-12
2025-07-12 10:58:18,708 - INFO - Successfully fetched 88 weather records
2025-07-12 10:58:18,709 - INFO - Fetching energy data for NYIS from 2025-04-13 to 2025-07-12
2025-07-12 10:58:33,511 - INFO - Successfully fetched 887 energy records
2025-07-12 10:58:33,512 - INFO - Cleaning weather data...
2025-07-12 10:58:33,544 - INFO - Weather data cleaned: 88 records remaining
2025-07-12 10:58:33,545 - INFO - Cleaning energy data...
2025-07-12 10:58:33,560 - ERROR - Error processing New York: '<' not supported between instances of 'str' and 'int'
2025-07-12 10:58:33,561 - INFO - Processing historical data for Chicago
2025-07-12 10:58:33,561 - INFO - Fetching weather data for GHCND:USW00094846 from 2025-04-13 to 2025-07-12
2025-07-12 10:58:35,112 - INFO - Successfully fetched 88 weather records
2025-07-12 10:58:35,112 - INFO - Fetching energy data for PJM from 2025-04-13 to 2025-07-12
2025-07-12 10:59:05,121 - ERROR - Request failed (attempt 1): HTTPSConnectionPool(host='api.eia.gov', port=443): Read timed out. (read timeout=30)
2025-07-12 10:59:06,122 - INFO - Fetching energy data for PJM from 2025-04-13 to 2025-07-12
2025-07-12 10:59:17,545 - ERROR - API error: 504 - <html>
<head><title>504 Gateway Time-out</title></head>
<body>
<center><h1>504 Gateway Time-out</h1></center>
</body>
</html>

2025-07-12 10:59:17,547 - ERROR - Failed to fetch data for Chicago
2025-07-12 10:59:17,547 - ERROR -   Energy API error: API error: 504
2025-07-12 10:59:17,548 - INFO - Processing historical data for Houston
2025-07-12 10:59:17,549 - INFO - Fetching weather data for GHCND:USW00012960 from 2025-04-13 to 2025-07-12
2025-07-12 10:59:18,849 - INFO - Successfully fetched 88 weather records
2025-07-12 10:59:18,851 - INFO - Fetching energy data for ERCO from 2025-04-13 to 2025-07-12
2025-07-12 10:59:48,869 - ERROR - Request failed (attempt 1): HTTPSConnectionPool(host='api.eia.gov', port=443): Read timed out. (read timeout=30)
2025-07-12 10:59:49,870 - INFO - Fetching energy data for ERCO from 2025-04-13 to 2025-07-12
2025-07-12 11:00:21,152 - ERROR - Request failed (attempt 2): HTTPSConnectionPool(host='api.eia.gov', port=443): Read timed out. (read timeout=30)
2025-07-12 11:00:23,153 - INFO - Fetching energy data for ERCO from 2025-04-13 to 2025-07-12
2025-07-12 11:00:28,593 - INFO - Successfully fetched 897 energy records
2025-07-12 11:00:28,594 - INFO - Cleaning weather data...
2025-07-12 11:00:28,599 - INFO - Weather data cleaned: 88 records remaining
2025-07-12 11:00:28,600 - INFO - Cleaning energy data...
2025-07-12 11:00:28,604 - ERROR - Error processing Houston: '<' not supported between instances of 'str' and 'int'
2025-07-12 11:00:28,605 - INFO - Processing historical data for Phoenix
2025-07-12 11:00:28,606 - INFO - Fetching weather data for GHCND:USW00023183 from 2025-04-13 to 2025-07-12
2025-07-12 11:00:30,483 - INFO - Successfully fetched 88 weather records
2025-07-12 11:00:30,483 - INFO - Fetching energy data for AZPS from 2025-04-13 to 2025-07-12
2025-07-12 11:01:00,491 - ERROR - Request failed (attempt 1): HTTPSConnectionPool(host='api.eia.gov', port=443): Read timed out. (read timeout=30)
2025-07-12 11:01:01,492 - INFO - Fetching energy data for AZPS from 2025-04-13 to 2025-07-12
2025-07-12 11:01:06,595 - INFO - Successfully fetched 854 energy records
2025-07-12 11:01:06,596 - INFO - Cleaning weather data...
2025-07-12 11:01:06,603 - INFO - Weather data cleaned: 88 records remaining
2025-07-12 11:01:06,604 - INFO - Cleaning energy data...
2025-07-12 11:01:06,608 - ERROR - Error processing Phoenix: '<' not supported between instances of 'str' and 'int'
2025-07-12 11:01:06,609 - INFO - Processing historical data for Seattle
2025-07-12 11:01:06,609 - INFO - Fetching weather data for GHCND:USW00024233 from 2025-04-13 to 2025-07-12
2025-07-12 11:01:07,847 - INFO - Successfully fetched 88 weather records
2025-07-12 11:01:07,848 - INFO - Fetching energy data for SCL from 2025-04-13 to 2025-07-12
2025-07-12 11:01:08,908 - INFO - Successfully fetched 900 energy records
2025-07-12 11:01:08,910 - INFO - Cleaning weather data...
2025-07-12 11:01:08,915 - INFO - Weather data cleaned: 88 records remaining
2025-07-12 11:01:08,916 - INFO - Cleaning energy data...
2025-07-12 11:01:08,923 - ERROR - Error processing Seattle: '<' not supported between instances of 'str' and 'int'
2025-07-12 11:01:08,924 - INFO - Historical data fetch completed for 0 cities
2025-07-12 11:01:08,925 - INFO - Running data quality checks...
2025-07-12 11:01:09,339 - INFO - Data quality checks completed
2025-07-12 11:01:09,339 - ERROR - Pipeline failed: division by zero
2025-07-12 11:07:33,071 - INFO - Starting full pipeline in historical mode
2025-07-12 11:07:33,072 - INFO - Fetching 90 days of historical data for all cities...
2025-07-12 11:07:33,073 - INFO - Processing historical data for New York
2025-07-12 11:07:33,073 - INFO - Fetching weather data for GHCND:USW00094728 from 2025-04-13 to 2025-07-12
2025-07-12 11:07:35,602 - INFO - Successfully fetched 88 weather records
2025-07-12 11:07:35,604 - INFO - Fetching energy data for NYIS from 2025-04-13 to 2025-07-12
2025-07-12 11:07:40,253 - INFO - Successfully fetched 887 energy records
2025-07-12 11:07:40,254 - INFO - Cleaning weather data...
2025-07-12 11:07:40,295 - INFO - Weather data cleaned: 88 records remaining
2025-07-12 11:07:40,296 - INFO - Cleaning energy data...
2025-07-12 11:07:40,378 - INFO - Energy data cleaned: 887 records remaining
2025-07-12 11:07:40,379 - INFO - Merging datasets for New York
2025-07-12 11:07:40,405 - INFO - Merged dataset created: 871 records for New York
2025-07-12 11:07:40,427 - INFO - Raw data saved for New York
2025-07-12 11:07:40,428 - INFO - Successfully processed 871 records for New York
2025-07-12 11:07:40,431 - INFO - Processing historical data for Chicago
2025-07-12 11:07:40,432 - INFO - Fetching weather data for GHCND:USW00094846 from 2025-04-13 to 2025-07-12
2025-07-12 11:07:41,740 - INFO - Successfully fetched 88 weather records
2025-07-12 11:07:41,741 - INFO - Fetching energy data for PJM from 2025-04-13 to 2025-07-12
2025-07-12 11:07:43,739 - INFO - Successfully fetched 901 energy records
2025-07-12 11:07:43,740 - INFO - Cleaning weather data...
2025-07-12 11:07:43,746 - INFO - Weather data cleaned: 88 records remaining
2025-07-12 11:07:43,746 - INFO - Cleaning energy data...
2025-07-12 11:07:43,762 - INFO - Energy data cleaned: 901 records remaining
2025-07-12 11:07:43,763 - INFO - Merging datasets for Chicago
2025-07-12 11:07:43,776 - INFO - Merged dataset created: 880 records for Chicago
2025-07-12 11:07:43,790 - INFO - Raw data saved for Chicago
2025-07-12 11:07:43,791 - INFO - Successfully processed 880 records for Chicago
2025-07-12 11:07:43,791 - INFO - Processing historical data for Houston
2025-07-12 11:07:43,792 - INFO - Fetching weather data for GHCND:USW00012960 from 2025-04-13 to 2025-07-12
2025-07-12 11:07:45,014 - INFO - Successfully fetched 88 weather records
2025-07-12 11:07:45,015 - INFO - Fetching energy data for ERCO from 2025-04-13 to 2025-07-12
2025-07-12 11:07:46,998 - INFO - Successfully fetched 897 energy records
2025-07-12 11:07:47,000 - INFO - Cleaning weather data...
2025-07-12 11:07:47,007 - INFO - Weather data cleaned: 88 records remaining
2025-07-12 11:07:47,008 - INFO - Cleaning energy data...
2025-07-12 11:07:47,021 - INFO - Energy data cleaned: 897 records remaining
2025-07-12 11:07:47,022 - INFO - Merging datasets for Houston
2025-07-12 11:07:47,030 - INFO - Merged dataset created: 880 records for Houston
2025-07-12 11:07:47,043 - INFO - Raw data saved for Houston
2025-07-12 11:07:47,045 - INFO - Successfully processed 880 records for Houston
2025-07-12 11:07:47,046 - INFO - Processing historical data for Phoenix
2025-07-12 11:07:47,047 - INFO - Fetching weather data for GHCND:USW00023183 from 2025-04-13 to 2025-07-12
2025-07-12 11:07:49,694 - INFO - Successfully fetched 88 weather records
2025-07-12 11:07:49,695 - INFO - Fetching energy data for AZPS from 2025-04-13 to 2025-07-12
2025-07-12 11:07:52,418 - INFO - Successfully fetched 854 energy records
2025-07-12 11:07:52,420 - INFO - Cleaning weather data...
2025-07-12 11:07:52,425 - INFO - Weather data cleaned: 88 records remaining
2025-07-12 11:07:52,426 - INFO - Cleaning energy data...
2025-07-12 11:07:52,438 - INFO - Energy data cleaned: 854 records remaining
2025-07-12 11:07:52,439 - INFO - Merging datasets for Phoenix
2025-07-12 11:07:52,456 - INFO - Merged dataset created: 834 records for Phoenix
2025-07-12 11:07:52,494 - INFO - Raw data saved for Phoenix
2025-07-12 11:07:52,495 - INFO - Successfully processed 834 records for Phoenix
2025-07-12 11:07:52,495 - INFO - Processing historical data for Seattle
2025-07-12 11:07:52,496 - INFO - Fetching weather data for GHCND:USW00024233 from 2025-04-13 to 2025-07-12
2025-07-12 11:07:53,727 - INFO - Successfully fetched 88 weather records
2025-07-12 11:07:53,835 - INFO - Fetching energy data for SCL from 2025-04-13 to 2025-07-12
2025-07-12 11:07:56,275 - INFO - Successfully fetched 900 energy records
2025-07-12 11:07:56,276 - INFO - Cleaning weather data...
2025-07-12 11:07:56,282 - INFO - Weather data cleaned: 88 records remaining
2025-07-12 11:07:56,283 - INFO - Cleaning energy data...
2025-07-12 11:07:56,294 - INFO - Energy data cleaned: 900 records remaining
2025-07-12 11:07:56,294 - INFO - Merging datasets for Seattle
2025-07-12 11:07:56,309 - INFO - Merged dataset created: 880 records for Seattle
2025-07-12 11:07:56,322 - INFO - Raw data saved for Seattle
2025-07-12 11:07:56,322 - INFO - Successfully processed 880 records for Seattle
2025-07-12 11:07:56,323 - INFO - Historical data fetch completed for 5 cities
2025-07-12 11:07:56,361 - INFO - Processed data updated for New York
2025-07-12 11:07:56,380 - INFO - Processed data updated for Chicago
2025-07-12 11:07:56,407 - INFO - Processed data updated for Houston
2025-07-12 11:07:56,425 - INFO - Processed data updated for Phoenix
2025-07-12 11:07:56,446 - INFO - Processed data updated for Seattle
2025-07-12 11:07:56,447 - INFO - Running data quality checks...
2025-07-12 11:07:56,447 - INFO - Validating data quality...
2025-07-12 11:07:56,600 - INFO - Data quality score: 79.9/100
2025-07-12 11:07:56,601 - INFO - Quality check for New York: 79.9/100
2025-07-12 11:07:56,601 - WARNING - Issues found in New York: Data is 3 days old (threshold: 2 days)
2025-07-12 11:07:56,602 - INFO - Validating data quality...
2025-07-12 11:07:56,604 - INFO - Data quality score: 79.9/100
2025-07-12 11:07:56,604 - INFO - Quality check for Chicago: 79.9/100
2025-07-12 11:07:56,605 - WARNING - Issues found in Chicago: Data is 3 days old (threshold: 2 days)
2025-07-12 11:07:56,605 - INFO - Validating data quality...
2025-07-12 11:07:56,608 - INFO - Data quality score: 79.9/100
2025-07-12 11:07:56,608 - INFO - Quality check for Houston: 79.9/100
2025-07-12 11:07:56,608 - WARNING - Issues found in Houston: Data is 3 days old (threshold: 2 days)
2025-07-12 11:07:56,609 - INFO - Validating data quality...
2025-07-12 11:07:56,611 - INFO - Data quality score: 79.9/100
2025-07-12 11:07:56,611 - INFO - Quality check for Phoenix: 79.9/100
2025-07-12 11:07:56,612 - WARNING - Issues found in Phoenix: Data is 3 days old (threshold: 2 days)
2025-07-12 11:07:56,612 - INFO - Validating data quality...
2025-07-12 11:07:56,614 - INFO - Data quality score: 79.9/100
2025-07-12 11:07:56,615 - INFO - Quality check for Seattle: 79.9/100
2025-07-12 11:07:56,619 - WARNING - Issues found in Seattle: Data is 3 days old (threshold: 2 days)
2025-07-12 11:07:56,622 - INFO - Data quality checks completed
2025-07-12 11:07:56,623 - INFO - Pipeline completed successfully:
2025-07-12 11:07:56,623 - INFO -   - Cities processed: 5
2025-07-12 11:07:56,624 - INFO -   - Total records: 4345
2025-07-12 11:07:56,624 - INFO -   - Average quality score: 79.9/100
2025-07-12 12:17:42,823 - INFO - Starting full pipeline in historical mode
2025-07-12 12:17:42,825 - INFO - Fetching 90 days of historical data for all cities...
2025-07-12 12:17:42,826 - INFO - Processing historical data for New York
2025-07-12 12:17:42,827 - INFO - Fetching weather data for GHCND:USW00094728 from 2025-04-13 to 2025-07-12
2025-07-12 12:17:46,028 - INFO - Successfully fetched 88 weather records
2025-07-12 12:17:46,031 - INFO - Fetching energy data for NYIS from 2025-04-13 to 2025-07-12
2025-07-12 12:17:50,287 - INFO - Successfully fetched 887 energy records
2025-07-12 12:17:50,288 - INFO - Cleaning weather data...
2025-07-12 12:17:50,312 - INFO - Weather data cleaned: 88 records remaining
2025-07-12 12:17:50,312 - INFO - Cleaning energy data...
2025-07-12 12:17:50,359 - INFO - Energy data cleaned: 887 records remaining
2025-07-12 12:17:50,360 - INFO - Merging datasets for New York
2025-07-12 12:17:50,376 - INFO - Merged dataset created: 871 records for New York
2025-07-12 12:17:50,396 - INFO - Raw data saved for New York
2025-07-12 12:17:50,396 - INFO - Successfully processed 871 records for New York
2025-07-12 12:17:50,397 - INFO - Processing historical data for Chicago
2025-07-12 12:17:50,400 - INFO - Fetching weather data for GHCND:USW00094846 from 2025-04-13 to 2025-07-12
2025-07-12 12:17:51,794 - INFO - Successfully fetched 88 weather records
2025-07-12 12:17:51,794 - INFO - Fetching energy data for PJM from 2025-04-13 to 2025-07-12
2025-07-12 12:17:55,055 - INFO - Successfully fetched 901 energy records
2025-07-12 12:17:55,056 - INFO - Cleaning weather data...
2025-07-12 12:17:55,061 - INFO - Weather data cleaned: 88 records remaining
2025-07-12 12:17:55,151 - INFO - Cleaning energy data...
2025-07-12 12:17:55,162 - INFO - Energy data cleaned: 901 records remaining
2025-07-12 12:17:55,162 - INFO - Merging datasets for Chicago
2025-07-12 12:17:55,176 - INFO - Merged dataset created: 880 records for Chicago
2025-07-12 12:17:55,190 - INFO - Raw data saved for Chicago
2025-07-12 12:17:55,190 - INFO - Successfully processed 880 records for Chicago
2025-07-12 12:17:55,191 - INFO - Processing historical data for Houston
2025-07-12 12:17:55,191 - INFO - Fetching weather data for GHCND:USW00012960 from 2025-04-13 to 2025-07-12
2025-07-12 12:17:56,806 - INFO - Successfully fetched 88 weather records
2025-07-12 12:17:56,807 - INFO - Fetching energy data for ERCO from 2025-04-13 to 2025-07-12
2025-07-12 12:17:57,934 - INFO - Successfully fetched 897 energy records
2025-07-12 12:17:57,935 - INFO - Cleaning weather data...
2025-07-12 12:17:57,940 - INFO - Weather data cleaned: 88 records remaining
2025-07-12 12:17:57,941 - INFO - Cleaning energy data...
2025-07-12 12:17:57,956 - INFO - Energy data cleaned: 897 records remaining
2025-07-12 12:17:57,957 - INFO - Merging datasets for Houston
2025-07-12 12:17:57,972 - INFO - Merged dataset created: 880 records for Houston
2025-07-12 12:17:57,989 - INFO - Raw data saved for Houston
2025-07-12 12:17:57,989 - INFO - Successfully processed 880 records for Houston
2025-07-12 12:17:57,990 - INFO - Processing historical data for Phoenix
2025-07-12 12:17:57,990 - INFO - Fetching weather data for GHCND:USW00023183 from 2025-04-13 to 2025-07-12
2025-07-12 12:17:59,226 - INFO - Successfully fetched 88 weather records
2025-07-12 12:17:59,227 - INFO - Fetching energy data for AZPS from 2025-04-13 to 2025-07-12
2025-07-12 12:18:01,051 - INFO - Successfully fetched 859 energy records
2025-07-12 12:18:01,052 - INFO - Cleaning weather data...
2025-07-12 12:18:01,060 - INFO - Weather data cleaned: 88 records remaining
2025-07-12 12:18:01,061 - INFO - Cleaning energy data...
2025-07-12 12:18:01,074 - INFO - Energy data cleaned: 859 records remaining
2025-07-12 12:18:01,075 - INFO - Merging datasets for Phoenix
2025-07-12 12:18:01,090 - INFO - Merged dataset created: 834 records for Phoenix
2025-07-12 12:18:01,106 - INFO - Raw data saved for Phoenix
2025-07-12 12:18:01,107 - INFO - Successfully processed 834 records for Phoenix
2025-07-12 12:18:01,107 - INFO - Processing historical data for Seattle
2025-07-12 12:18:01,108 - INFO - Fetching weather data for GHCND:USW00024233 from 2025-04-13 to 2025-07-12
2025-07-12 12:18:03,917 - INFO - Successfully fetched 88 weather records
2025-07-12 12:18:03,918 - INFO - Fetching energy data for SCL from 2025-04-13 to 2025-07-12
2025-07-12 12:18:33,924 - ERROR - Request failed (attempt 1): HTTPSConnectionPool(host='api.eia.gov', port=443): Read timed out. (read timeout=30)
2025-07-12 12:18:34,926 - INFO - Fetching energy data for SCL from 2025-04-13 to 2025-07-12
2025-07-12 12:18:37,697 - INFO - Successfully fetched 900 energy records
2025-07-12 12:18:37,700 - INFO - Cleaning weather data...
2025-07-12 12:18:37,706 - INFO - Weather data cleaned: 88 records remaining
2025-07-12 12:18:37,710 - INFO - Cleaning energy data...
2025-07-12 12:18:37,720 - INFO - Energy data cleaned: 900 records remaining
2025-07-12 12:18:37,726 - INFO - Merging datasets for Seattle
2025-07-12 12:18:37,736 - INFO - Merged dataset created: 880 records for Seattle
2025-07-12 12:18:37,751 - INFO - Raw data saved for Seattle
2025-07-12 12:18:37,753 - INFO - Successfully processed 880 records for Seattle
2025-07-12 12:18:37,754 - INFO - Historical data fetch completed for 5 cities
2025-07-12 12:18:37,783 - INFO - Processed data updated for New York
2025-07-12 12:18:37,801 - INFO - Processed data updated for Chicago
2025-07-12 12:18:37,821 - INFO - Processed data updated for Houston
2025-07-12 12:18:37,850 - INFO - Processed data updated for Phoenix
2025-07-12 12:18:37,869 - INFO - Processed data updated for Seattle
2025-07-12 12:18:37,869 - INFO - Running data quality checks...
2025-07-12 12:18:37,869 - INFO - Validating data quality...
2025-07-12 12:18:37,871 - INFO - Data quality score: 79.9/100
2025-07-12 12:18:37,872 - INFO - Quality check for New York: 79.9/100
2025-07-12 12:18:37,872 - WARNING - Issues found in New York: Data is 3 days old (threshold: 2 days)
2025-07-12 12:18:37,872 - INFO - Validating data quality...
2025-07-12 12:18:37,877 - INFO - Data quality score: 79.9/100
2025-07-12 12:18:37,879 - INFO - Quality check for Chicago: 79.9/100
2025-07-12 12:18:37,880 - WARNING - Issues found in Chicago: Data is 3 days old (threshold: 2 days)
2025-07-12 12:18:37,880 - INFO - Validating data quality...
2025-07-12 12:18:37,882 - INFO - Data quality score: 79.9/100
2025-07-12 12:18:37,882 - INFO - Quality check for Houston: 79.9/100
2025-07-12 12:18:37,883 - WARNING - Issues found in Houston: Data is 3 days old (threshold: 2 days)
2025-07-12 12:18:37,883 - INFO - Validating data quality...
2025-07-12 12:18:37,885 - INFO - Data quality score: 79.9/100
2025-07-12 12:18:37,885 - INFO - Quality check for Phoenix: 79.9/100
2025-07-12 12:18:37,885 - WARNING - Issues found in Phoenix: Data is 3 days old (threshold: 2 days)
2025-07-12 12:18:37,886 - INFO - Validating data quality...
2025-07-12 12:18:37,888 - INFO - Data quality score: 79.9/100
2025-07-12 12:18:37,888 - INFO - Quality check for Seattle: 79.9/100
2025-07-12 12:18:37,889 - WARNING - Issues found in Seattle: Data is 3 days old (threshold: 2 days)
2025-07-12 12:18:37,896 - INFO - Data quality checks completed
2025-07-12 12:18:37,897 - INFO - Pipeline completed successfully:
2025-07-12 12:18:37,898 - INFO -   - Cities processed: 5
2025-07-12 12:18:37,898 - INFO -   - Total records: 4345
2025-07-12 12:18:37,899 - INFO -   - Average quality score: 79.9/100
2025-07-12 13:00:45,026 - INFO - Calculating temperature-energy correlations...
2025-07-12 13:00:45,086 - INFO - Correlation analysis completed for 3 cities
2025-07-12 13:00:52,531 - INFO - Analyzing seasonal patterns...
2025-07-12 13:00:52,679 - INFO - Seasonal analysis completed for 3 cities
2025-07-12 13:00:52,858 - INFO - Analyzing weekend vs weekday patterns...
2025-07-12 13:00:52,926 - INFO - Weekend analysis completed for 3 cities
2025-07-12 13:00:53,040 - INFO - Running comprehensive analysis...
2025-07-12 13:00:53,041 - INFO - Calculating temperature-energy correlations...
2025-07-12 13:00:53,058 - INFO - Correlation analysis completed for 3 cities
2025-07-12 13:00:53,059 - INFO - Analyzing seasonal patterns...
2025-07-12 13:00:53,104 - INFO - Seasonal analysis completed for 3 cities
2025-07-12 13:00:53,104 - INFO - Analyzing weekend vs weekday patterns...
2025-07-12 13:00:53,127 - INFO - Weekend analysis completed for 3 cities
2025-07-12 13:00:53,127 - INFO - Analyzing energy consumption by temperature ranges...
2025-07-12 13:00:53,159 - INFO - Temperature range analysis completed for 3 cities
2025-07-12 13:00:53,159 - INFO - Identifying outliers in energy consumption...
2025-07-12 13:00:53,212 - INFO - Found 30 outliers for New York
2025-07-12 13:00:53,224 - INFO - Found 8 outliers for Chicago
2025-07-12 13:00:53,227 - INFO - Generating business insights...
2025-07-12 13:00:53,229 - INFO - Business insights generated
2025-07-12 13:00:53,230 - INFO - Comprehensive analysis completed
2025-07-12 13:33:14,730 - INFO - Calculating temperature-energy correlations...
2025-07-12 13:33:14,795 - INFO - Correlation analysis completed for 4 cities
2025-07-12 13:33:15,155 - INFO - Analyzing seasonal patterns...
2025-07-12 13:33:15,278 - INFO - Seasonal analysis completed for 4 cities
2025-07-12 13:33:15,513 - INFO - Analyzing weekend vs weekday patterns...
2025-07-12 13:33:15,609 - INFO - Weekend analysis completed for 4 cities
2025-07-12 13:33:15,789 - INFO - Running comprehensive analysis...
2025-07-12 13:33:15,791 - INFO - Calculating temperature-energy correlations...
2025-07-12 13:33:15,848 - INFO - Correlation analysis completed for 4 cities
2025-07-12 13:33:15,849 - INFO - Analyzing seasonal patterns...
2025-07-12 13:33:15,925 - INFO - Seasonal analysis completed for 4 cities
2025-07-12 13:33:15,925 - INFO - Analyzing weekend vs weekday patterns...
2025-07-12 13:33:15,960 - INFO - Weekend analysis completed for 4 cities
2025-07-12 13:33:15,960 - INFO - Analyzing energy consumption by temperature ranges...
2025-07-12 13:33:16,009 - INFO - Temperature range analysis completed for 4 cities
2025-07-12 13:33:16,010 - INFO - Identifying outliers in energy consumption...
2025-07-12 13:33:16,016 - INFO - Found 30 outliers for New York
2025-07-12 13:33:16,027 - INFO - Found 8 outliers for Chicago
2025-07-12 13:33:16,042 - INFO - Generating business insights...
2025-07-12 13:33:16,046 - INFO - Business insights generated
2025-07-12 13:33:16,047 - INFO - Comprehensive analysis completed
2025-07-12 13:33:21,485 - INFO - Calculating temperature-energy correlations...
2025-07-12 13:33:21,524 - INFO - Correlation analysis completed for 5 cities
2025-07-12 13:33:21,943 - INFO - Analyzing seasonal patterns...
2025-07-12 13:33:22,123 - INFO - Seasonal analysis completed for 5 cities
2025-07-12 13:33:22,462 - INFO - Analyzing weekend vs weekday patterns...
2025-07-12 13:33:22,547 - INFO - Weekend analysis completed for 5 cities
2025-07-12 13:33:22,664 - INFO - Running comprehensive analysis...
2025-07-12 13:33:22,665 - INFO - Calculating temperature-energy correlations...
2025-07-12 13:33:22,742 - INFO - Correlation analysis completed for 5 cities
2025-07-12 13:33:22,744 - INFO - Analyzing seasonal patterns...
2025-07-12 13:33:22,864 - INFO - Seasonal analysis completed for 5 cities
2025-07-12 13:33:22,865 - INFO - Analyzing weekend vs weekday patterns...
2025-07-12 13:33:22,928 - INFO - Weekend analysis completed for 5 cities
2025-07-12 13:33:22,929 - INFO - Analyzing energy consumption by temperature ranges...
2025-07-12 13:33:22,994 - INFO - Temperature range analysis completed for 5 cities
2025-07-12 13:33:22,995 - INFO - Identifying outliers in energy consumption...
2025-07-12 13:33:23,006 - INFO - Found 30 outliers for New York
2025-07-12 13:33:23,012 - INFO - Found 8 outliers for Chicago
2025-07-12 13:33:23,031 - INFO - Found 15 outliers for Seattle
2025-07-12 13:33:23,032 - INFO - Generating business insights...
2025-07-12 13:33:23,044 - INFO - Business insights generated
2025-07-12 13:33:23,045 - INFO - Comprehensive analysis completed
2025-07-12 14:01:33,302 - INFO - Calculating temperature-energy correlations...
2025-07-12 14:01:33,342 - INFO - Correlation analysis completed for 3 cities
2025-07-12 14:01:33,836 - INFO - Analyzing seasonal patterns...
2025-07-12 14:01:34,148 - INFO - Seasonal analysis completed for 3 cities
2025-07-12 14:01:34,947 - INFO - Analyzing weekend vs weekday patterns...
2025-07-12 14:01:35,134 - INFO - Weekend analysis completed for 3 cities
2025-07-12 14:01:35,358 - INFO - Running comprehensive analysis...
2025-07-12 14:01:35,359 - INFO - Calculating temperature-energy correlations...
2025-07-12 14:01:35,390 - INFO - Correlation analysis completed for 3 cities
2025-07-12 14:01:35,390 - INFO - Analyzing seasonal patterns...
2025-07-12 14:01:35,497 - INFO - Seasonal analysis completed for 3 cities
2025-07-12 14:01:35,508 - INFO - Analyzing weekend vs weekday patterns...
2025-07-12 14:01:35,575 - INFO - Weekend analysis completed for 3 cities
2025-07-12 14:01:35,577 - INFO - Analyzing energy consumption by temperature ranges...
2025-07-12 14:01:35,645 - INFO - Temperature range analysis completed for 3 cities
2025-07-12 14:01:35,675 - INFO - Identifying outliers in energy consumption...
2025-07-12 14:01:35,711 - INFO - Found 30 outliers for New York
2025-07-12 14:01:35,744 - INFO - Found 8 outliers for Chicago
2025-07-12 14:01:35,777 - INFO - Generating business insights...
2025-07-12 14:01:35,813 - INFO - Business insights generated
2025-07-12 14:01:35,826 - INFO - Comprehensive analysis completed
2025-07-12 14:06:01,409 - INFO - Calculating temperature-energy correlations...
2025-07-12 14:06:01,512 - INFO - Correlation analysis completed for 3 cities
2025-07-12 14:06:02,176 - INFO - Analyzing seasonal patterns...
2025-07-12 14:06:02,247 - INFO - Seasonal analysis completed for 3 cities
2025-07-12 14:06:02,528 - INFO - Analyzing weekend vs weekday patterns...
2025-07-12 14:06:02,572 - INFO - Weekend analysis completed for 3 cities
2025-07-12 14:06:02,714 - INFO - Running comprehensive analysis...
2025-07-12 14:06:02,720 - INFO - Calculating temperature-energy correlations...
2025-07-12 14:06:02,746 - INFO - Correlation analysis completed for 3 cities
2025-07-12 14:06:02,746 - INFO - Analyzing seasonal patterns...
2025-07-12 14:06:02,820 - INFO - Seasonal analysis completed for 3 cities
2025-07-12 14:06:02,821 - INFO - Analyzing weekend vs weekday patterns...
2025-07-12 14:06:02,847 - INFO - Weekend analysis completed for 3 cities
2025-07-12 14:06:02,856 - INFO - Analyzing energy consumption by temperature ranges...
2025-07-12 14:06:02,901 - INFO - Temperature range analysis completed for 3 cities
2025-07-12 14:06:02,904 - INFO - Identifying outliers in energy consumption...
2025-07-12 14:06:02,909 - INFO - Found 30 outliers for New York
2025-07-12 14:06:02,926 - INFO - Found 8 outliers for Chicago
2025-07-12 14:06:02,929 - INFO - Generating business insights...
2025-07-12 14:06:02,941 - INFO - Business insights generated
2025-07-12 14:06:02,941 - INFO - Comprehensive analysis completed
2025-07-12 14:06:09,596 - INFO - Calculating temperature-energy correlations...
2025-07-12 14:06:09,645 - INFO - Correlation analysis completed for 3 cities
2025-07-12 14:06:10,122 - INFO - Analyzing seasonal patterns...
2025-07-12 14:06:10,224 - INFO - Seasonal analysis completed for 3 cities
2025-07-12 14:06:10,630 - INFO - Analyzing weekend vs weekday patterns...
2025-07-12 14:06:10,680 - INFO - Weekend analysis completed for 3 cities
2025-07-12 14:06:10,890 - INFO - Running comprehensive analysis...
2025-07-12 14:06:10,891 - INFO - Calculating temperature-energy correlations...
2025-07-12 14:06:10,926 - INFO - Correlation analysis completed for 3 cities
2025-07-12 14:06:10,927 - INFO - Analyzing seasonal patterns...
2025-07-12 14:06:11,008 - INFO - Seasonal analysis completed for 3 cities
2025-07-12 14:06:11,009 - INFO - Analyzing weekend vs weekday patterns...
2025-07-12 14:06:11,046 - INFO - Weekend analysis completed for 3 cities
2025-07-12 14:06:11,056 - INFO - Analyzing energy consumption by temperature ranges...
2025-07-12 14:06:11,108 - INFO - Temperature range analysis completed for 3 cities
2025-07-12 14:06:11,109 - INFO - Identifying outliers in energy consumption...
2025-07-12 14:06:11,125 - INFO - Found 30 outliers for New York
2025-07-12 14:06:11,141 - INFO - Found 8 outliers for Chicago
2025-07-12 14:06:11,146 - INFO - Generating business insights...
2025-07-12 14:06:11,161 - INFO - Business insights generated
2025-07-12 14:06:11,161 - INFO - Comprehensive analysis completed
2025-07-12 14:06:55,100 - INFO - Calculating temperature-energy correlations...
2025-07-12 14:06:55,151 - INFO - Correlation analysis completed for 3 cities
2025-07-12 14:06:55,639 - INFO - Analyzing seasonal patterns...
2025-07-12 14:06:55,768 - INFO - Seasonal analysis completed for 3 cities
2025-07-12 14:06:56,306 - INFO - Analyzing weekend vs weekday patterns...
2025-07-12 14:06:56,354 - INFO - Weekend analysis completed for 3 cities
2025-07-12 14:06:56,505 - INFO - Running comprehensive analysis...
2025-07-12 14:06:56,506 - INFO - Calculating temperature-energy correlations...
2025-07-12 14:06:56,555 - INFO - Correlation analysis completed for 3 cities
2025-07-12 14:06:56,556 - INFO - Analyzing seasonal patterns...
2025-07-12 14:06:56,640 - INFO - Seasonal analysis completed for 3 cities
2025-07-12 14:06:56,647 - INFO - Analyzing weekend vs weekday patterns...
2025-07-12 14:06:56,706 - INFO - Weekend analysis completed for 3 cities
2025-07-12 14:06:56,706 - INFO - Analyzing energy consumption by temperature ranges...
2025-07-12 14:06:56,788 - INFO - Temperature range analysis completed for 3 cities
2025-07-12 14:06:56,790 - INFO - Identifying outliers in energy consumption...
2025-07-12 14:06:56,802 - INFO - Found 30 outliers for New York
2025-07-12 14:06:56,819 - INFO - Found 8 outliers for Chicago
2025-07-12 14:06:56,824 - INFO - Generating business insights...
2025-07-12 14:06:56,835 - INFO - Business insights generated
2025-07-12 14:06:56,838 - INFO - Comprehensive analysis completed
2025-07-12 14:09:17,312 - INFO - Calculating temperature-energy correlations...
2025-07-12 14:09:17,337 - INFO - Correlation analysis completed for 3 cities
2025-07-12 14:09:17,700 - INFO - Analyzing seasonal patterns...
2025-07-12 14:09:17,785 - INFO - Seasonal analysis completed for 3 cities
2025-07-12 14:09:18,199 - INFO - Analyzing weekend vs weekday patterns...
2025-07-12 14:09:18,234 - INFO - Weekend analysis completed for 3 cities
2025-07-12 14:09:18,385 - INFO - Running comprehensive analysis...
2025-07-12 14:09:18,386 - INFO - Calculating temperature-energy correlations...
2025-07-12 14:09:18,437 - INFO - Correlation analysis completed for 3 cities
2025-07-12 14:09:18,438 - INFO - Analyzing seasonal patterns...
2025-07-12 14:09:18,549 - INFO - Seasonal analysis completed for 3 cities
2025-07-12 14:09:18,550 - INFO - Analyzing weekend vs weekday patterns...
2025-07-12 14:09:18,603 - INFO - Weekend analysis completed for 3 cities
2025-07-12 14:09:18,604 - INFO - Analyzing energy consumption by temperature ranges...
2025-07-12 14:09:18,704 - INFO - Temperature range analysis completed for 3 cities
2025-07-12 14:09:18,705 - INFO - Identifying outliers in energy consumption...
2025-07-12 14:09:18,719 - INFO - Found 30 outliers for New York
2025-07-12 14:09:18,737 - INFO - Found 8 outliers for Chicago
2025-07-12 14:09:18,754 - INFO - Generating business insights...
2025-07-12 14:09:18,769 - INFO - Business insights generated
2025-07-12 14:09:18,769 - INFO - Comprehensive analysis completed
2025-07-12 14:38:17,792 - INFO - Calculating temperature-energy correlations...
2025-07-12 14:38:17,826 - INFO - Correlation analysis completed for 3 cities
2025-07-12 14:38:18,340 - INFO - Analyzing seasonal patterns...
2025-07-12 14:38:18,440 - INFO - Seasonal analysis completed for 3 cities
2025-07-12 14:38:18,931 - INFO - Analyzing weekend vs weekday patterns...
2025-07-12 14:38:18,994 - INFO - Weekend analysis completed for 3 cities
2025-07-12 14:38:19,173 - INFO - Running comprehensive analysis...
2025-07-12 14:38:19,174 - INFO - Calculating temperature-energy correlations...
2025-07-12 14:38:19,199 - INFO - Correlation analysis completed for 3 cities
2025-07-12 14:38:19,209 - INFO - Analyzing seasonal patterns...
2025-07-12 14:38:19,309 - INFO - Seasonal analysis completed for 3 cities
2025-07-12 14:38:19,309 - INFO - Analyzing weekend vs weekday patterns...
2025-07-12 14:38:19,344 - INFO - Weekend analysis completed for 3 cities
2025-07-12 14:38:19,344 - INFO - Analyzing energy consumption by temperature ranges...
2025-07-12 14:38:19,381 - INFO - Temperature range analysis completed for 3 cities
2025-07-12 14:38:19,393 - INFO - Identifying outliers in energy consumption...
2025-07-12 14:38:19,413 - INFO - Found 30 outliers for New York
2025-07-12 14:38:19,432 - INFO - Found 8 outliers for Chicago
2025-07-12 14:38:19,448 - INFO - Generating business insights...
2025-07-12 14:38:19,459 - INFO - Business insights generated
2025-07-12 14:38:19,460 - INFO - Comprehensive analysis completed
2025-07-12 14:43:49,983 - INFO - Calculating temperature-energy correlations...
2025-07-12 14:43:50,027 - INFO - Correlation analysis completed for 3 cities
2025-07-12 14:43:50,670 - INFO - Analyzing seasonal patterns...
2025-07-12 14:43:50,837 - INFO - Seasonal analysis completed for 3 cities
2025-07-12 14:43:51,576 - INFO - Analyzing weekend vs weekday patterns...
2025-07-12 14:43:51,636 - INFO - Weekend analysis completed for 3 cities
2025-07-12 14:43:51,789 - INFO - Running comprehensive analysis...
2025-07-12 14:43:51,789 - INFO - Calculating temperature-energy correlations...
2025-07-12 14:43:51,829 - INFO - Correlation analysis completed for 3 cities
2025-07-12 14:43:51,833 - INFO - Analyzing seasonal patterns...
2025-07-12 14:43:51,937 - INFO - Seasonal analysis completed for 3 cities
2025-07-12 14:43:51,938 - INFO - Analyzing weekend vs weekday patterns...
2025-07-12 14:43:51,996 - INFO - Weekend analysis completed for 3 cities
2025-07-12 14:43:52,001 - INFO - Analyzing energy consumption by temperature ranges...
2025-07-12 14:43:52,072 - INFO - Temperature range analysis completed for 3 cities
2025-07-12 14:43:52,073 - INFO - Identifying outliers in energy consumption...
2025-07-12 14:43:52,089 - INFO - Found 30 outliers for New York
2025-07-12 14:43:52,106 - INFO - Found 8 outliers for Chicago
2025-07-12 14:43:52,134 - INFO - Generating business insights...
2025-07-12 14:43:52,137 - INFO - Business insights generated
2025-07-12 14:43:52,138 - INFO - Comprehensive analysis completed
2025-07-12 16:17:01,620 - INFO - Calculating temperature-energy correlations...
2025-07-12 16:17:02,046 - INFO - Correlation analysis completed for 3 cities
2025-07-12 16:17:03,026 - INFO - Analyzing seasonal patterns...
2025-07-12 16:17:03,163 - INFO - Seasonal analysis completed for 3 cities
2025-07-12 16:17:03,993 - INFO - Analyzing weekend vs weekday patterns...
2025-07-12 16:17:04,078 - INFO - Weekend analysis completed for 3 cities
2025-07-12 16:17:04,678 - INFO - Running comprehensive analysis...
2025-07-12 16:17:04,679 - INFO - Calculating temperature-energy correlations...
2025-07-12 16:17:04,721 - INFO - Correlation analysis completed for 3 cities
2025-07-12 16:17:04,724 - INFO - Analyzing seasonal patterns...
2025-07-12 16:17:04,793 - INFO - Seasonal analysis completed for 3 cities
2025-07-12 16:17:04,793 - INFO - Analyzing weekend vs weekday patterns...
2025-07-12 16:17:04,813 - INFO - Weekend analysis completed for 3 cities
2025-07-12 16:17:04,814 - INFO - Analyzing energy consumption by temperature ranges...
2025-07-12 16:17:04,850 - INFO - Temperature range analysis completed for 3 cities
2025-07-12 16:17:04,859 - INFO - Identifying outliers in energy consumption...
2025-07-12 16:17:04,946 - INFO - Found 30 outliers for New York
2025-07-12 16:17:04,958 - INFO - Found 8 outliers for Chicago
2025-07-12 16:17:04,971 - INFO - Generating business insights...
2025-07-12 16:17:04,978 - INFO - Business insights generated
2025-07-12 16:17:04,991 - INFO - Comprehensive analysis completed
2025-07-12 16:17:31,973 - INFO - Calculating temperature-energy correlations...
2025-07-12 16:17:32,123 - INFO - Correlation analysis completed for 4 cities
2025-07-12 16:17:32,995 - INFO - Analyzing seasonal patterns...
2025-07-12 16:17:33,236 - INFO - Seasonal analysis completed for 4 cities
2025-07-12 16:17:33,637 - INFO - Analyzing weekend vs weekday patterns...
2025-07-12 16:17:33,751 - INFO - Weekend analysis completed for 4 cities
2025-07-12 16:17:33,907 - INFO - Running comprehensive analysis...
2025-07-12 16:17:33,909 - INFO - Calculating temperature-energy correlations...
2025-07-12 16:17:33,968 - INFO - Correlation analysis completed for 4 cities
2025-07-12 16:17:33,968 - INFO - Analyzing seasonal patterns...
2025-07-12 16:17:34,025 - INFO - Seasonal analysis completed for 4 cities
2025-07-12 16:17:34,025 - INFO - Analyzing weekend vs weekday patterns...
2025-07-12 16:17:34,056 - INFO - Weekend analysis completed for 4 cities
2025-07-12 16:17:34,057 - INFO - Analyzing energy consumption by temperature ranges...
2025-07-12 16:17:34,143 - INFO - Temperature range analysis completed for 4 cities
2025-07-12 16:17:34,148 - INFO - Identifying outliers in energy consumption...
2025-07-12 16:17:34,153 - INFO - Found 30 outliers for New York
2025-07-12 16:17:34,158 - INFO - Found 8 outliers for Chicago
2025-07-12 16:17:34,171 - INFO - Generating business insights...
2025-07-12 16:17:34,174 - INFO - Business insights generated
2025-07-12 16:17:34,174 - INFO - Comprehensive analysis completed
2025-07-12 16:17:41,419 - INFO - Calculating temperature-energy correlations...
2025-07-12 16:17:41,867 - INFO - Correlation analysis completed for 5 cities
2025-07-12 16:17:42,288 - INFO - Analyzing seasonal patterns...
2025-07-12 16:17:42,389 - INFO - Seasonal analysis completed for 5 cities
2025-07-12 16:17:42,652 - INFO - Analyzing weekend vs weekday patterns...
2025-07-12 16:17:42,685 - INFO - Weekend analysis completed for 5 cities
2025-07-12 16:17:42,847 - INFO - Running comprehensive analysis...
2025-07-12 16:17:42,853 - INFO - Calculating temperature-energy correlations...
2025-07-12 16:17:42,902 - INFO - Correlation analysis completed for 5 cities
2025-07-12 16:17:42,902 - INFO - Analyzing seasonal patterns...
2025-07-12 16:17:42,964 - INFO - Seasonal analysis completed for 5 cities
2025-07-12 16:17:42,986 - INFO - Analyzing weekend vs weekday patterns...
2025-07-12 16:17:43,049 - INFO - Weekend analysis completed for 5 cities
2025-07-12 16:17:43,050 - INFO - Analyzing energy consumption by temperature ranges...
2025-07-12 16:17:43,083 - INFO - Temperature range analysis completed for 5 cities
2025-07-12 16:17:43,084 - INFO - Identifying outliers in energy consumption...
2025-07-12 16:17:43,087 - INFO - Found 30 outliers for New York
2025-07-12 16:17:43,091 - INFO - Found 8 outliers for Chicago
2025-07-12 16:17:43,106 - INFO - Found 15 outliers for Seattle
2025-07-12 16:17:43,106 - INFO - Generating business insights...
2025-07-12 16:17:43,108 - INFO - Business insights generated
2025-07-12 16:17:43,109 - INFO - Comprehensive analysis completed
